Update Managed Component C1 From CMP-03017-000065-1[33uF, 20%] To CMP-03017-000065-1[T495X336M035ATE100] in Solar_Phone_Charger.SchDoc
Update Managed Component C2 From CMP-03017-000065-1[33uF, 20%] To CMP-03017-000065-1[T495X336M035ATE100] in Solar_Phone_Charger.SchDoc
Update Managed Component C3 From CMP-03020-003996-1[0.1uF] To CMP-03020-003996-1[C1206C104J5RACTU] in Solar_Phone_Charger.SchDoc
Update Managed Component C4 From CMP-03020-013132-1[1000pF] To CMP-03020-013132-1[C1206C102F1GACTU] in Solar_Phone_Charger.SchDoc
Update Managed Component C5 From CMP-03020-030339-1[470pF] To CMP-03020-030339-1[C0805C471J5GAC7210] in Solar_Phone_Charger.SchDoc
Update Managed Component C6 From CMP-03020-002806-2[100pF] To CMP-03020-002806-2[C0805C101K5GAC7210] in Solar_Phone_Charger.SchDoc
Update Managed Component C7 From CMP-03020-003996-1[0.1uF] To CMP-03020-003996-1[C1206C104J5RACTU] in Solar_Phone_Charger.SchDoc
Replace Part C8 T510X107M020ATE040 in C:\Users\21nic\OneDrive\Desktop\EE411 Solar Phone Charger\Solar_Phone_Charger.SchDoc with T510X107M020ATE040 from Solar_Phone_Charger.SchLib
Replace Part C9 T510X107M020ATE040 in C:\Users\21nic\OneDrive\Desktop\EE411 Solar Phone Charger\Solar_Phone_Charger.SchDoc with T510X107M020ATE040 from Solar_Phone_Charger.SchLib
Replace Part D1 SDT10A45P5-13D in C:\Users\21nic\OneDrive\Desktop\EE411 Solar Phone Charger\Solar_Phone_Charger.SchDoc with SDT10A45P5-13D from Solar_Phone_Charger.SchLib
Replace Part J1 4MM Banana Female Socket in C:\Users\21nic\OneDrive\Desktop\EE411 Solar Phone Charger\Solar_Phone_Charger.SchDoc with 4MM Banana Female Socket from Solar_Phone_Charger.SchLib
Replace Part J2 4MM Banana Female Socket in C:\Users\21nic\OneDrive\Desktop\EE411 Solar Phone Charger\Solar_Phone_Charger.SchDoc with 4MM Banana Female Socket from Solar_Phone_Charger.SchLib
Update Managed Component J3 From CMP-1502-03228-2[614004190021] To CMP-1502-03228-2[614004190021] in Solar_Phone_Charger.SchDoc
Replace Part L1 B82559A0303A024 in C:\Users\21nic\OneDrive\Desktop\EE411 Solar Phone Charger\Solar_Phone_Charger.SchDoc with B82559A0303A024 from Solar_Phone_Charger.SchLib
Replace Part R1 KDV12DR050ET in C:\Users\21nic\OneDrive\Desktop\EE411 Solar Phone Charger\Solar_Phone_Charger.SchDoc with KDV12DR050ET from Solar_Phone_Charger.SchLib
Update Managed Component R2 From CMP-2003-04491-1[6.8KR] To CMP-2003-04491-1[ERA8AEB682V] in Solar_Phone_Charger.SchDoc
Replace Part R3 ERA-8ARW3572V in C:\Users\21nic\OneDrive\Desktop\EE411 Solar Phone Charger\Solar_Phone_Charger.SchDoc with ERA-8ARW3572V from Solar_Phone_Charger.SchLib
Replace Part R4 ERA-8ARW113V in C:\Users\21nic\OneDrive\Desktop\EE411 Solar Phone Charger\Solar_Phone_Charger.SchDoc with ERA-8ARW113V from Solar_Phone_Charger.SchLib
Replace Part S1 NVD5C478NLT4G in C:\Users\21nic\OneDrive\Desktop\EE411 Solar Phone Charger\Solar_Phone_Charger.SchDoc with NVD5C478NLT4G from Solar_Phone_Charger.SchLib
Replace Part TP? 5287 in C:\Users\21nic\OneDrive\Desktop\EE411 Solar Phone Charger\Solar_Phone_Charger.SchDoc with 5287 from 5287.SchLib
Replace Part TP? 5287 in C:\Users\21nic\OneDrive\Desktop\EE411 Solar Phone Charger\Solar_Phone_Charger.SchDoc with 5287 from 5287.SchLib
Replace Part TP? 5287 in C:\Users\21nic\OneDrive\Desktop\EE411 Solar Phone Charger\Solar_Phone_Charger.SchDoc with 5287 from 5287.SchLib
Replace Part TP? 5287 in C:\Users\21nic\OneDrive\Desktop\EE411 Solar Phone Charger\Solar_Phone_Charger.SchDoc with 5287 from 5287.SchLib
Replace Part TP? 5287 in C:\Users\21nic\OneDrive\Desktop\EE411 Solar Phone Charger\Solar_Phone_Charger.SchDoc with 5287 from 5287.SchLib
Replace Part TP? 5287 in C:\Users\21nic\OneDrive\Desktop\EE411 Solar Phone Charger\Solar_Phone_Charger.SchDoc with 5287 from 5287.SchLib
Replace Part U1 LTC1624IS8#TRPBF in C:\Users\21nic\OneDrive\Desktop\EE411 Solar Phone Charger\Solar_Phone_Charger.SchDoc with LTC1624IS8#TRPBF from Solar_Phone_Charger.SchLib
